# JRE version: Java(TM) SE Runtime Environment (8.0_301-b09) (build 1.8.0_301-b09)
# Java VM: Java HotSpot(TM) 64-Bit Server VM (25.301-b09 mixed mode windows-amd64 compressed oops)
Heap:
 PSYoungGen      total 105984K, used 56936K [0x0000000780d00000, 0x000000078ab00000, 0x00000007c0000000)
  eden space 98304K, 50% used [0x0000000780d00000,0x0000000783d1de50,0x0000000786d00000)
  from space 7680K, 99% used [0x0000000786d00000,0x000000078747c5a8,0x0000000787480000)
  to   space 10240K, 0% used [0x000000078a100000,0x000000078a100000,0x000000078ab00000)
 ParOldGen       total 84992K, used 9110K [0x0000000702600000, 0x0000000707900000, 0x0000000780d00000)
  object space 84992K, 10% used [0x0000000702600000,0x0000000702ee5b38,0x0000000707900000)
 Metaspace       used 33025K, capacity 34763K, committed 34944K, reserved 1079296K
  class space    used 4621K, capacity 4960K, committed 4992K, reserved 1048576K
GC Heap History (10 events):
Event: 1.094 GC heap before
{Heap before GC invocations=2 (full 0):
 PSYoungGen      total 56832K, used 56468K [0x0000000780d00000, 0x0000000784c00000, 0x00000007c0000000)
  eden space 49152K, 100% used [0x0000000780d00000,0x0000000783d00000,0x0000000783d00000)
  from space 7680K, 95% used [0x0000000783d00000,0x0000000784425230,0x0000000784480000)
  to   space 7680K, 0% used [0x0000000784480000,0x0000000784480000,0x0000000784c00000)
 ParOldGen       total 130048K, used 16K [0x0000000702600000, 0x000000070a500000, 0x0000000780d00000)
  object space 130048K, 0% used [0x0000000702600000,0x0000000702604000,0x000000070a500000)
 Metaspace       used 17707K, capacity 18394K, committed 18432K, reserved 1064960K
  class space    used 2369K, capacity 2553K, committed 2560K, reserved 1048576K
Event: 1.104 GC heap after
Heap after GC invocations=2 (full 0):
 PSYoungGen      total 56832K, used 7671K [0x0000000780d00000, 0x0000000787c00000, 0x00000007c0000000)
  eden space 49152K, 0% used [0x0000000780d00000,0x0000000780d00000,0x0000000783d00000)
  from space 7680K, 99% used [0x0000000784480000,0x0000000784bfdd20,0x0000000784c00000)
  to   space 7680K, 0% used [0x0000000783d00000,0x0000000783d00000,0x0000000784480000)
 ParOldGen       total 130048K, used 1786K [0x0000000702600000, 0x000000070a500000, 0x0000000780d00000)
  object space 130048K, 1% used [0x0000000702600000,0x00000007027bea90,0x000000070a500000)
 Metaspace       used 17707K, capacity 18394K, committed 18432K, reserved 1064960K
  class space    used 2369K, capacity 2553K, committed 2560K, reserved 1048576K
}
Event: 1.219 GC heap before
{Heap before GC invocations=3 (full 0):
 PSYoungGen      total 56832K, used 56823K [0x0000000780d00000, 0x0000000787c00000, 0x00000007c0000000)
  eden space 49152K, 100% used [0x0000000780d00000,0x0000000783d00000,0x0000000783d00000)
  from space 7680K, 99% used [0x0000000784480000,0x0000000784bfdd20,0x0000000784c00000)
  to   space 7680K, 0% used [0x0000000783d00000,0x0000000783d00000,0x0000000784480000)
 ParOldGen       total 130048K, used 1786K [0x0000000702600000, 0x000000070a500000, 0x0000000780d00000)
  object space 130048K, 1% used [0x0000000702600000,0x00000007027bea90,0x000000070a500000)
 Metaspace       used 18663K, capacity 19420K, committed 19584K, reserved 1067008K
  class space    used 2491K, capacity 2676K, committed 2688K, reserved 1048576K
Event: 1.224 GC heap after
Heap after GC invocations=3 (full 0):
 PSYoungGen      total 56832K, used 6168K [0x0000000780d00000, 0x0000000787c00000, 0x00000007c0000000)
  eden space 49152K, 0% used [0x0000000780d00000,0x0000000780d00000,0x0000000783d00000)
  from space 7680K, 80% used [0x0000000783d00000,0x0000000784306148,0x0000000784480000)
  to   space 7680K, 0% used [0x0000000787480000,0x0000000787480000,0x0000000787c00000)
 ParOldGen       total 130048K, used 1794K [0x0000000702600000, 0x000000070a500000, 0x0000000780d00000)
  object space 130048K, 1% used [0x0000000702600000,0x00000007027c0a90,0x000000070a500000)
 Metaspace       used 18663K, capacity 19420K, committed 19584K, reserved 1067008K
  class space    used 2491K, capacity 2676K, committed 2688K, reserved 1048576K
}
Event: 1.543 GC heap before
{Heap before GC invocations=4 (full 0):
 PSYoungGen      total 56832K, used 38921K [0x0000000780d00000, 0x0000000787c00000, 0x00000007c0000000)
  eden space 49152K, 66% used [0x0000000780d00000,0x0000000782cfc520,0x0000000783d00000)
  from space 7680K, 80% used [0x0000000783d00000,0x0000000784306148,0x0000000784480000)
  to   space 7680K, 0% used [0x0000000787480000,0x0000000787480000,0x0000000787c00000)
 ParOldGen       total 130048K, used 1794K [0x0000000702600000, 0x000000070a500000, 0x0000000780d00000)
  object space 130048K, 1% used [0x0000000702600000,0x00000007027c0a90,0x000000070a500000)
 Metaspace       used 20278K, capacity 21145K, committed 21296K, reserved 1067008K
  class space    used 2734K, capacity 2944K, committed 2944K, reserved 1048576K
Event: 1.555 GC heap after
Heap after GC invocations=4 (full 0):
 PSYoungGen      total 105984K, used 7663K [0x0000000780d00000, 0x0000000787c00000, 0x00000007c0000000)
  eden space 98304K, 0% used [0x0000000780d00000,0x0000000780d00000,0x0000000786d00000)
  from space 7680K, 99% used [0x0000000787480000,0x0000000787bfbe28,0x0000000787c00000)
  to   space 7680K, 0% used [0x0000000786d00000,0x0000000786d00000,0x0000000787480000)
 ParOldGen       total 130048K, used 2767K [0x0000000702600000, 0x000000070a500000, 0x0000000780d00000)
  object space 130048K, 2% used [0x0000000702600000,0x00000007028b3f70,0x000000070a500000)
 Metaspace       used 20278K, capacity 21145K, committed 21296K, reserved 1067008K
  class space    used 2734K, capacity 2944K, committed 2944K, reserved 1048576K
}
Event: 1.555 GC heap before
{Heap before GC invocations=5 (full 1):
 PSYoungGen      total 105984K, used 7663K [0x0000000780d00000, 0x0000000787c00000, 0x00000007c0000000)
  eden space 98304K, 0% used [0x0000000780d00000,0x0000000780d00000,0x0000000786d00000)
  from space 7680K, 99% used [0x0000000787480000,0x0000000787bfbe28,0x0000000787c00000)
  to   space 7680K, 0% used [0x0000000786d00000,0x0000000786d00000,0x0000000787480000)
 ParOldGen       total 130048K, used 2767K [0x0000000702600000, 0x000000070a500000, 0x0000000780d00000)
  object space 130048K, 2% used [0x0000000702600000,0x00000007028b3f70,0x000000070a500000)
 Metaspace       used 20278K, capacity 21145K, committed 21296K, reserved 1067008K
  class space    used 2734K, capacity 2944K, committed 2944K, reserved 1048576K
Event: 1.606 GC heap after
Heap after GC invocations=5 (full 1):
 PSYoungGen      total 105984K, used 0K [0x0000000780d00000, 0x0000000787c00000, 0x00000007c0000000)
  eden space 98304K, 0% used [0x0000000780d00000,0x0000000780d00000,0x0000000786d00000)
  from space 7680K, 0% used [0x0000000787480000,0x0000000787480000,0x0000000787c00000)
  to   space 7680K, 0% used [0x0000000786d00000,0x0000000786d00000,0x0000000787480000)
 ParOldGen       total 84992K, used 8362K [0x0000000702600000, 0x0000000707900000, 0x0000000780d00000)
  object space 84992K, 9% used [0x0000000702600000,0x0000000702e2a928,0x0000000707900000)
 Metaspace       used 20276K, capacity 21139K, committed 21296K, reserved 1067008K
  class space    used 2733K, capacity 2943K, committed 2944K, reserved 1048576K
}
Event: 2.851 GC heap before
{Heap before GC invocations=6 (full 1):
 PSYoungGen      total 105984K, used 98304K [0x0000000780d00000, 0x0000000787c00000, 0x00000007c0000000)
  eden space 98304K, 100% used [0x0000000780d00000,0x0000000786d00000,0x0000000786d00000)
  from space 7680K, 0% used [0x0000000787480000,0x0000000787480000,0x0000000787c00000)
  to   space 7680K, 0% used [0x0000000786d00000,0x0000000786d00000,0x0000000787480000)
 ParOldGen       total 84992K, used 8362K [0x0000000702600000, 0x0000000707900000, 0x0000000780d00000)
  object space 84992K, 9% used [0x0000000702600000,0x0000000702e2a928,0x0000000707900000)
 Metaspace       used 26336K, capacity 27947K, committed 28288K, reserved 1073152K
  class space    used 3594K, capacity 3910K, committed 3968K, reserved 1048576K
Event: 2.859 GC heap after
Heap after GC invocations=6 (full 1):
 PSYoungGen      total 105984K, used 7665K [0x0000000780d00000, 0x000000078ab00000, 0x00000007c0000000)
  eden space 98304K, 0% used [0x0000000780d00000,0x0000000780d00000,0x0000000786d00000)
  from space 7680K, 99% used [0x0000000786d00000,0x000000078747c5a8,0x0000000787480000)
  to   space 10240K, 0% used [0x000000078a100000,0x000000078a100000,0x000000078ab00000)
 ParOldGen       total 84992K, used 9110K [0x0000000702600000, 0x0000000707900000, 0x0000000780d00000)
  object space 84992K, 10% used [0x0000000702600000,0x0000000702ee5b38,0x0000000707900000)
 Metaspace       used 26336K, capacity 27947K, committed 28288K, reserved 1073152K
  class space    used 3594K, capacity 3910K, committed 3968K, reserved 1048576K
}

